/.php                 (Status: 403) [Size: 274]
/.html                (Status: 403) [Size: 274]
/.html.php            (Status: 403) [Size: 274]
/index.php            (Status: 200) [Size: 1219]
/.htm                 (Status: 403) [Size: 274]
/.htm.php             (Status: 403) [Size: 274]
/register.php         (Status: 200) [Size: 1566]
/logout.php           (Status: 302) [Size: 0] [--> index.php]
/config.php           (Status: 200) [Size: 0]
/.                    (Status: 200) [Size: 1219]
/.htaccess.php        (Status: 403) [Size: 274]
/.htaccess            (Status: 403) [Size: 274]
/welcome.php          (Status: 302) [Size: 0] [--> index.php]
/.phtml               (Status: 403) [Size: 274]
/.htc                 (Status: 403) [Size: 274]
/.htc.php             (Status: 403) [Size: 274]
/.html_var_DE         (Status: 403) [Size: 274]
/.html_var_DE.php     (Status: 403) [Size: 274]
/server-status        (Status: 403) [Size: 274]
/.htpasswd            (Status: 403) [Size: 274]
/.htpasswd.php        (Status: 403) [Size: 274]
/.html.               (Status: 403) [Size: 274]
/.html..php           (Status: 403) [Size: 274]
/reset-password.php   (Status: 302) [Size: 0] [--> index.php]
/.html.html           (Status: 403) [Size: 274]
/.html.html.php       (Status: 403) [Size: 274]
/.htpasswds           (Status: 403) [Size: 274]
/.htpasswds.php       (Status: 403) [Size: 274]
/.htm.                (Status: 403) [Size: 274]
/.htm..php            (Status: 403) [Size: 274]
/.htmll               (Status: 403) [Size: 274]
/.htmll.php           (Status: 403) [Size: 274]
/.phps                (Status: 403) [Size: 274]
/.html.old            (Status: 403) [Size: 274]
/.html.old.php        (Status: 403) [Size: 274]
/.html.bak            (Status: 403) [Size: 274]
/.ht                  (Status: 403) [Size: 274]
/.html.bak.php        (Status: 403) [Size: 274]
/.ht.php              (Status: 403) [Size: 274]
/.htm.htm             (Status: 403) [Size: 274]
/.htm.htm.php         (Status: 403) [Size: 274]
/.htgroup             (Status: 403) [Size: 274]
/.html1               (Status: 403) [Size: 274]
/.htgroup.php         (Status: 403) [Size: 274]
/.html1.php           (Status: 403) [Size: 274]
/.hta                 (Status: 403) [Size: 274]
/.hta.php             (Status: 403) [Size: 274]
/.html.LCK            (Status: 403) [Size: 274]
/.html.printable      (Status: 403) [Size: 274]
/.html.LCK.php        (Status: 403) [Size: 274]
/.html.printable.php  (Status: 403) [Size: 274]
/.htm.LCK             (Status: 403) [Size: 274]
/.htm.LCK.php         (Status: 403) [Size: 274]
/.html.php            (Status: 403) [Size: 274]
/.htmls               (Status: 403) [Size: 274]
/.html.php.php        (Status: 403) [Size: 274]
/.htaccess.bak.php    (Status: 403) [Size: 274]
/.htmls.php           (Status: 403) [Size: 274]
/.htaccess.bak        (Status: 403) [Size: 274]
/.htx                 (Status: 403) [Size: 274]
/.htx.php             (Status: 403) [Size: 274]
/.htm2                (Status: 403) [Size: 274]
/.htuser              (Status: 403) [Size: 274]
/.htlm                (Status: 403) [Size: 274]
/.htm2.php            (Status: 403) [Size: 274]
/.html-               (Status: 403) [Size: 274]
/.htuser.php          (Status: 403) [Size: 274]
/.htlm.php            (Status: 403) [Size: 274]
/.html-.php           (Status: 403) [Size: 274]
